FILE_TYPE=LIBRARY_PARTS;
PRIMITIVE 'ABL_25.000MHz_B1UB','ABL_25.000MHz_B1UB_Other';
  PIN
    '1':
      PIN_NUMBER='(1)';
      NO_LOAD_CHECK=BOTH;
      NO_IO_CHECK=BOTH;
      ALLOW_CONNECT=TRUE;
      PINUSE='UNSPEC';
    '2':
      PIN_NUMBER='(2)';
      NO_LOAD_CHECK=BOTH;
      NO_IO_CHECK=BOTH;
      ALLOW_CONNECT=TRUE;
      PINUSE='UNSPEC';
  END_PIN;
  BODY
    PART_NAME='ABL_25.000MHz_B1UB';
    PHYS_DES_PREFIX='Y';
    NO_LOAD_CHECK='TRUE';
    PIN_COUNT='2';
    BODY_NAME='ABL_25.000MHz_B1UB';
    JEDEC_TYPE='ABL25000MHzB1UB';
  END_BODY;
END_PRIMITIVE;
END.
